<?xml version="1.0" encoding="UTF-8"?>
<!-- Generated by org.testng.reporters.JUnitReportReporter -->
<testsuite skipped="0" hostname="Sony-PC" name="DriverFactory.DriverScript" tests="1" failures="0" timestamp="30 Jun 2019 07:20:42 GMT" time="79.809" errors="0">
  <testcase name="startTest" time="79.809" classname="DriverFactory.DriverScript"/>
</testsuite> <!-- DriverFactory.DriverScript -->
